0.171307 155
0.000215 33
2.228812 1
0.201001 1
0.151912 1
0.163182 1
0.243832 2
0.015222 52
0.000317 21
0.235973 584
0.000099 823
0.000093 1809
0.000010 336
1.558705 33
0.000014 72
0.000006 11
0.000015 58
0.000015 33
0.000012 55
0.000057 162
0.000027 72
0.000030 92
0.000012 88
0.000006 37
0.000017 87
0.000063 405
0.000028 282
0.000023 144
0.000022 131
0.000009 90
0.000007 91
0.000017 143
0.000021 75
0.000007 6
0.000006 40
0.000021 149
0.000013 107
0.000007 11
1.546840 202
0.000012 44
0.000004 24
0.000012 69
0.000005 33
0.000011 24
0.000005 41
0.000010 24
0.000005 31
0.000005 25
0.000009 20
0.000004 20
0.000010 8
0.000005 15
0.000015 59
0.000014 58
0.000005 12
0.000013 106
0.000007 25
0.000006 11
0.000013 112
0.000012 48
0.000005 8
0.000006 12
0.000011 129
0.000011 47
0.000013 21
0.000010 82
0.000006 75
0.000012 52
0.000010 116
0.000011 132
0.000011 133
0.000016 118
0.000050 151
1.532527 247
0.000057 432
0.000018 214
0.000007 39
0.000013 118
0.000011 117
0.000010 118
0.000012 133
0.000011 139
0.000007 133
0.000006 133
0.000024 197
0.000006 96
1.149285 192
0.000018 135
0.176944 158
0.000039 119
0.141014 263
0.177084 441
0.000010 47
0.000007 54
0.000013 9
0.000006 43
0.000072 434
0.000054 177
0.106635 246
0.105850 7
0.000026 44
0.000016 144
0.000015 122
1.542988 45
0.000010 37
0.000014 62
0.000008 20
0.000005 24
0.000013 48
0.000005 39
0.000011 7
0.000004 19
0.000009 44
0.000010 8
0.000034 96
0.000006 26
0.000009 48
0.000009 48
0.000011 28
0.000006 26
0.000005 10
0.000008 30
0.000006 50
0.000006 10
0.000007 32
0.000009 35
0.000005 14
0.000006 50
0.000009 52
0.000007 49
0.000009 4
1.536459 41
0.000011 77
0.000014 80
0.000018 31
0.000011 36
0.000017 57
0.000009 35
0.000007 22
0.000006 20
0.000005 36
0.000005 23
0.000005 69
0.000005 9
0.000014 49
0.000008 99
0.000006 31
0.000010 78
0.000008 19
0.000014 59
0.000009 25
0.000005 22
0.000006 10
0.000004 49
0.000009 35
0.000006 34
0.000009 16
1.558685 403
0.000011 39
0.000011 45
0.000007 22
0.000004 14
0.000006 25
0.000005 12
0.000005 52
0.000014 48
0.000005 10
0.000011 24
0.000006 33
0.000005 16
0.000006 19
0.000009 29
0.000013 71
0.000007 70
0.000012 61
0.000010 61
0.000007 70
0.000013 4
0.197541 57
0.014153 150
0.000387 33
1.925439 1
0.383968 4
0.292942 1
0.090000 1
0.125994 1
0.506056 1
0.148011 1
0.125837 1
0.093135 1
1.222835 1
0.219052 1
0.353847 1
0.924196 1
0.623963 1
0.422017 1
0.079083 1
0.649977 2
0.050394 273
0.000294 816
0.000414 306
0.000196 1020
0.000128 306
0.004023 160
0.000078 33
2.557532 1
0.216996 1
0.109753 1
0.538042 1
0.577015 1
0.202129 1
0.588850 1
0.153055 1
0.375197 4
0.220033 1
0.055887 1
0.063010 1
0.157076 1
0.118992 1
0.130986 1
0.458997 4
0.153869 4
0.135129 4
0.103859 1
0.558150 1
0.065948 1
0.284746 1
0.237307 1
2.083921 2
0.000138 10
0.012939 161
0.000307 33
5.342378 6
